EjecDem-18-05-2018 23:42:00-diego-Demonio-INF-Ciclo nro: 24
EjecDem-18-05-2018 23:42:13-diego-Demonio-INF-Se inicia el DetectO con pid 14328.
EjecDem-18-05-2018 23:42:13-diego-Demonio-INF-Ciclo nro: 1
EjecDem-18-05-2018 23:42:18-diego-Demonio-INF-Ciclo nro: 2
EjecDem-18-05-2018 23:42:19-diego-Demonio-INF-Archivo Rechazado: Mes invalido para A-6-2015-K3.
EjecDem-18-05-2018 23:42:19-diego-Demonio-INF-Archivo Rechazado: Archivo vacio A-6-2016-05.
EjecDem-18-05-2018 23:42:19-diego-Demonio-INF-Archivo Rechazado: Mes invalido para A-6-2017-00.
EjecDem-18-05-2018 23:42:19-diego-Demonio-INF-Archivo Aceptado: A-6-2017-05.
EjecDem-18-05-2018 23:42:19-diego-Demonio-INF-Archivo Aceptado: A-6-2017-06.
EjecDem-18-05-2018 23:42:19-diego-Demonio-INF-Archivo Aceptado: A-6-2017-11.
EjecDem-18-05-2018 23:42:19-diego-Demonio-INF-Archivo Aceptado: A-6-2017-12.
EjecDem-18-05-2018 23:42:19-diego-Demonio-INF-Archivo Rechazado: Mes invalido para A-6-2018-13.
EjecDem-18-05-2018 23:42:19-diego-Demonio-INF-Archivo Rechazado: Anio invalido para A-6-2019-12.
EjecDem-18-05-2018 23:42:19-diego-Demonio-INF-Archivo Rechazado: Anio invalido para A-6-2a19-13.
EjecDem-18-05-2018 23:42:19-diego-Demonio-INF-Archivo Rechazado: No existe el pais-sistema para A-65-2018-12.
EjecDem-18-05-2018 23:42:19-diego-Demonio-INF-Archivo Aceptado: A-7-2018-03.
EjecDem-18-05-2018 23:42:19-diego-Demonio-INF-Archivo Aceptado: A-7-2018-04.
EjecDem-18-05-2018 23:42:19-diego-Demonio-INF-Archivo Aceptado: C-7-2017-04.
EjecDem-18-05-2018 23:42:19-diego-Demonio-INF-Archivo Aceptado: C-7-2017-05.
EjecDem-18-05-2018 23:42:19-diego-Demonio-INF-Archivo Aceptado: C-7-2017-06.
EjecDem-18-05-2018 23:42:19-diego-Demonio-INF-Archivo Rechazado: Anio invalido para D-0-2019-13.
EjecDem-18-05-2018 23:42:24-diego-Demonio-INF-Ciclo nro: 3
EjecDem-18-05-2018 23:42:29-diego-Demonio-INF-Ciclo nro: 4
EjecDem-18-05-2018 23:42:34-diego-Demonio-INF-Ciclo nro: 5
EjecDem-18-05-2018 23:42:39-diego-Demonio-INF-Ciclo nro: 6
EjecDem-18-05-2018 23:42:44-diego-Demonio-INF-Ciclo nro: 7
EjecDem-18-05-2018 23:42:50-diego-Demonio-INF-Ciclo nro: 8
EjecDem-18-05-2018 23:42:55-diego-Demonio-INF-Ciclo nro: 9
EjecDem-18-05-2018 23:43:00-diego-Demonio-INF-Ciclo nro: 10
EjecDem-18-05-2018 23:43:05-diego-Demonio-INF-Ciclo nro: 11
EjecDem-18-05-2018 23:43:10-diego-Demonio-INF-Ciclo nro: 12
EjecDem-18-05-2018 23:43:15-diego-Demonio-INF-Ciclo nro: 13
EjecDem-18-05-2018 23:43:20-diego-Demonio-INF-Ciclo nro: 14
EjecDem-18-05-2018 23:43:25-diego-Demonio-INF-Ciclo nro: 15
EjecDem-18-05-2018 23:43:30-diego-Demonio-INF-Ciclo nro: 16
EjecDem-18-05-2018 23:43:35-diego-Demonio-INF-Ciclo nro: 17
EjecDem-18-05-2018 23:43:40-diego-Demonio-INF-Ciclo nro: 18
EjecDem-19-05-2018 14:48:52-diego-Demonio-INF-Se inicia el DetectO con pid 2903.
EjecDem-19-05-2018 14:48:52-diego-Demonio-INF-Ciclo nro: 1
EjecDem-19-05-2018 14:48:57-diego-Demonio-INF-Ciclo nro: 2
EjecDem-19-05-2018 14:49:02-diego-Demonio-INF-Ciclo nro: 3
EjecDem-19-05-2018 14:49:02-diego-Demonio-INF-Archivo Rechazado: Mes invalido para A-6-2015-K3.
EjecDem-19-05-2018 14:49:02-diego-Demonio-INF-Archivo Rechazado: Archivo vacio A-6-2016-05.
EjecDem-19-05-2018 14:49:02-diego-Demonio-INF-Archivo Rechazado: Mes invalido para A-6-2017-00.
EjecDem-19-05-2018 14:49:02-diego-Demonio-INF-Archivo Rechazado: Mes invalido para A-6-2018-13.
EjecDem-19-05-2018 14:49:02-diego-Demonio-INF-Archivo Rechazado: Anio invalido para A-6-2019-12.
EjecDem-19-05-2018 14:49:02-diego-Demonio-INF-Archivo Rechazado: Anio invalido para A-6-2a19-13.
EjecDem-19-05-2018 14:49:02-diego-Demonio-INF-Archivo Rechazado: No existe el pais-sistema para A-65-2018-12.
EjecDem-19-05-2018 14:49:02-diego-Demonio-INF-Archivo Rechazado: Anio invalido para D-0-2019-13.
EjecDem-19-05-2018 14:49:07-diego-Demonio-INF-Ciclo nro: 4
EjecDem-19-05-2018 14:49:12-diego-Demonio-INF-Ciclo nro: 5
EjecDem-19-05-2018 14:49:39-diego-Demonio-INF-Se inicia el DetectO con pid 3230.
EjecDem-19-05-2018 14:49:39-diego-Demonio-INF-Ciclo nro: 1
EjecDem-19-05-2018 14:49:44-diego-Demonio-INF-Ciclo nro: 2
EjecDem-19-05-2018 14:49:49-diego-Demonio-INF-Ciclo nro: 3
EjecDem-19-05-2018 14:49:49-diego-Demonio-INF-Archivo Rechazado: Mes invalido para A-6-2015-K3.
EjecDem-19-05-2018 14:49:49-diego-Demonio-INF-Archivo Rechazado: Archivo vacio A-6-2016-05.
EjecDem-19-05-2018 14:49:49-diego-Demonio-INF-Archivo Rechazado: Mes invalido para A-6-2017-00.
EjecDem-19-05-2018 14:49:49-diego-Demonio-INF-Archivo Aceptado: A-6-2017-05.
EjecDem-19-05-2018 14:49:49-diego-Demonio-INF-Archivo Aceptado: A-6-2017-06.
EjecDem-19-05-2018 14:49:49-diego-Demonio-INF-Archivo Aceptado: A-6-2017-11.
EjecDem-19-05-2018 14:49:49-diego-Demonio-INF-Archivo Aceptado: A-6-2017-12.
EjecDem-19-05-2018 14:49:49-diego-Demonio-INF-Archivo Rechazado: Mes invalido para A-6-2018-13.
EjecDem-19-05-2018 14:49:49-diego-Demonio-INF-Archivo Rechazado: Anio invalido para A-6-2019-12.
EjecDem-19-05-2018 14:49:49-diego-Demonio-INF-Archivo Rechazado: Anio invalido para A-6-2a19-13.
EjecDem-19-05-2018 14:49:49-diego-Demonio-INF-Archivo Rechazado: No existe el pais-sistema para A-65-2018-12.
EjecDem-19-05-2018 14:49:49-diego-Demonio-INF-Archivo Aceptado: A-7-2018-03.
EjecDem-19-05-2018 14:49:49-diego-Demonio-INF-Archivo Aceptado: A-7-2018-04.
EjecDem-19-05-2018 14:49:49-diego-Demonio-INF-Archivo Aceptado: C-7-2017-04.
EjecDem-19-05-2018 14:49:49-diego-Demonio-INF-Archivo Aceptado: C-7-2017-05.
EjecDem-19-05-2018 14:49:49-diego-Demonio-INF-Archivo Aceptado: C-7-2017-06.
EjecDem-19-05-2018 14:49:50-diego-Demonio-INF-Archivo Rechazado: Anio invalido para D-0-2019-13.
EjecDem-19-05-2018 14:49:55-diego-Demonio-INF-Ciclo nro: 4
EjecDem-19-05-2018 14:50:00-diego-Demonio-INF-Ciclo nro: 5
EjecDem-19-05-2018 14:50:00-diego-Demonio-INF-Archivo Rechazado: Mes invalido para A-6-2015-K3.
EjecDem-19-05-2018 14:50:00-diego-Demonio-INF-Archivo Rechazado: Archivo vacio A-6-2016-05.
EjecDem-19-05-2018 14:50:00-diego-Demonio-INF-Archivo Rechazado: Mes invalido para A-6-2017-00.
EjecDem-19-05-2018 14:50:00-diego-Demonio-INF-Archivo Rechazado: Mes invalido para A-6-2018-13.
EjecDem-19-05-2018 14:50:00-diego-Demonio-INF-Archivo Rechazado: Anio invalido para A-6-2019-12.
EjecDem-19-05-2018 14:50:00-diego-Demonio-INF-Archivo Rechazado: Anio invalido para A-6-2a19-13.
EjecDem-19-05-2018 14:50:00-diego-Demonio-INF-Archivo Rechazado: No existe el pais-sistema para A-65-2018-12.
EjecDem-19-05-2018 14:50:00-diego-Demonio-INF-Archivo Rechazado: Anio invalido para D-0-2019-13.
EjecDem-19-05-2018 14:50:05-diego-Demonio-INF-Ciclo nro: 6
EjecDem-19-05-2018 14:50:10-diego-Demonio-INF-Ciclo nro: 7
EjecDem-19-05-2018 14:50:15-diego-Demonio-INF-Ciclo nro: 8
EjecDem-19-05-2018 14:50:15-diego-Demonio-INF-Archivo Aceptado: A-6-2017-05.
EjecDem-19-05-2018 14:50:15-diego-Demonio-INF-Archivo Aceptado: A-6-2017-06.
EjecDem-19-05-2018 14:50:15-diego-Demonio-INF-Archivo Aceptado: A-6-2017-11.
EjecDem-19-05-2018 14:50:15-diego-Demonio-INF-Archivo Aceptado: A-6-2017-12.
EjecDem-19-05-2018 14:50:15-diego-Demonio-INF-Archivo Aceptado: A-7-2018-03.
EjecDem-19-05-2018 14:50:15-diego-Demonio-INF-Archivo Aceptado: A-7-2018-04.
EjecDem-19-05-2018 14:50:15-diego-Demonio-INF-Archivo Aceptado: C-7-2017-04.
EjecDem-19-05-2018 14:50:15-diego-Demonio-INF-Archivo Aceptado: C-7-2017-05.
EjecDem-19-05-2018 14:50:15-diego-Demonio-INF-Archivo Aceptado: C-7-2017-06.
EjecDem-19-05-2018 14:50:20-diego-Demonio-INF-Ciclo nro: 9
EjecDem-19-05-2018 14:50:25-diego-Demonio-INF-Ciclo nro: 10
EjecDem-19-05-2018 14:50:30-diego-Demonio-INF-Ciclo nro: 11
EjecDem-19-05-2018 14:50:35-diego-Demonio-INF-Ciclo nro: 12
